<?xml version="1.0" encoding="UTF-8"?>
<!-- Generated by org.testng.reporters.JUnitReportReporter -->
<testsuite hostname="Niraj-Sharma" failures="0" tests="2" name="testNGsample.Class_1" time="0.038" errors="0" timestamp="2023-09-16T23:12:00 IST" skipped="0">
  <testcase classname="testNGsample.Class_1" name="Accountlogin" time="0.022"/>
  <testcase classname="testNGsample.Class_1" name="login" time="0.016"/>
</testsuite> <!-- testNGsample.Class_1 -->
